{"level":"info","message":"get ishladi","module":"C:\\Users\\user\\Desktop\\exam\\exam\\routes\\branch.js","timestamp":"2025-03-27T09:52:16.635Z"}
{"level":"info","message":"get id boyicha ishladi","module":"C:\\Users\\user\\Desktop\\exam\\exam\\routes\\branch.js","timestamp":"2025-03-27T09:53:24.732Z"}
{"level":"info","message":"get id boyicha ishladi","module":"C:\\Users\\user\\Desktop\\exam\\exam\\routes\\branch.js","timestamp":"2025-03-27T09:53:40.308Z"}
{"level":"info","message":"user logged","module":"C:\\Users\\user\\Desktop\\exam\\exam\\routes\\user.js","timestamp":"2025-03-27T10:02:17.499Z"}
<<<<<<< HEAD
{"level":"info","message":"user logged","module":"C:\\Users\\user\\Desktop\\exam\\exam\\routes\\user.js","timestamp":"2025-03-27T10:35:42.793Z"}
{"level":"info","message":"get qilindi","module":"C:\\Users\\user\\Desktop\\exam\\exam\\routes\\subjects.js","timestamp":"2025-03-27T10:45:49.407Z"}
{"level":"info","message":"post qilindi","module":"C:\\Users\\user\\Desktop\\exam\\exam\\routes\\branch.js","timestamp":"2025-03-27T10:57:41.627Z"}
{"level":"info","message":"get ishladi","module":"C:\\Users\\user\\Desktop\\exam\\exam\\routes\\branch.js","timestamp":"2025-03-27T11:31:13.100Z"}
{"level":"info","message":"get qilindi","module":"C:\\Users\\user\\Desktop\\exam\\exam\\routes\\subjects.js","timestamp":"2025-03-27T11:32:49.726Z"}
{"level":"info","message":"id boyicha qilindi","module":"C:\\Users\\user\\Desktop\\exam\\exam\\routes\\user.js","timestamp":"2025-03-27T11:33:23.548Z"}
{"level":"info","message":"get ishladi","module":"C:\\Users\\user\\Desktop\\exam\\exam\\routes\\branch.js","timestamp":"2025-03-27T11:35:53.160Z"}
{"level":"info","message":"get id boyicha ishladi","module":"C:\\Users\\user\\Desktop\\exam\\exam\\routes\\branch.js","timestamp":"2025-03-27T11:36:00.393Z"}
{"level":"info","message":"get qilindi","module":"C:\\Users\\user\\Desktop\\exam\\exam\\routes\\subjects.js","timestamp":"2025-03-27T12:01:17.917Z"}
{"level":"info","message":"user logged","module":"C:\\Users\\user\\Desktop\\exam\\exam\\routes\\user.js","timestamp":"2025-03-27T12:11:56.329Z"}
{"level":"info","message":"get ishladi","module":"C:\\Users\\user\\Desktop\\exam\\exam\\routes\\branch.js","timestamp":"2025-03-27T12:17:21.043Z"}
=======
{"level":"info","message":"get ishladi","module":"C:\\Users\\Acer\\Desktop\\exam\\exam\\routes\\branch.js","timestamp":"2025-03-27T10:58:15.750Z"}
{"level":"info","message":"user logged","module":"C:\\Users\\Acer\\Desktop\\exam\\exam\\routes\\user.js","timestamp":"2025-03-27T10:59:39.359Z"}
{"level":"info","message":"get qilindi","module":"C:\\Users\\Acer\\Desktop\\exam\\exam\\routes\\subjects.js","timestamp":"2025-03-27T11:29:31.979Z"}
{"level":"info","message":"get ishladi","module":"C:\\Users\\Acer\\Desktop\\exam\\exam\\routes\\branch.js","timestamp":"2025-03-27T11:29:42.312Z"}
{"level":"info","message":"get qilindi","module":"C:\\Users\\Acer\\Desktop\\exam\\exam\\routes\\subjects.js","timestamp":"2025-03-27T11:29:58.841Z"}
{"level":"info","message":"get qilindi","module":"C:\\Users\\Acer\\Desktop\\exam\\exam\\routes\\subjects.js","timestamp":"2025-03-27T11:49:32.537Z"}
>>>>>>> 06efec5340e26ed0d4e93f16ba70c4bfcbf5ec2c
{"level":"info","message":"get qilindi","module":"C:\\Users\\user\\Desktop\\exam\\exam\\routes\\subjects.js","timestamp":"2025-03-27T13:26:11.120Z"}
{"level":"info","message":"get ishladi","module":"C:\\Users\\user\\Desktop\\exam\\exam\\routes\\branch.js","timestamp":"2025-03-27T13:26:23.537Z"}
{"level":"info","message":"get ishladi","module":"C:\\Users\\user\\Desktop\\exam\\exam\\routes\\branch.js","timestamp":"2025-03-27T13:31:48.339Z"}
